2024-02-03 12:19:04,972:WARNING:
'cuml' is a soft dependency and not included in the pycaret installation. Please run: `pip install cuml` to install.
2024-02-03 12:19:04,973:WARNING:
'cuml' is a soft dependency and not included in the pycaret installation. Please run: `pip install cuml` to install.
2024-02-03 12:19:04,973:WARNING:
'cuml' is a soft dependency and not included in the pycaret installation. Please run: `pip install cuml` to install.
2024-02-03 12:19:04,973:WARNING:
'cuml' is a soft dependency and not included in the pycaret installation. Please run: `pip install cuml` to install.
2024-02-03 12:19:05,601:INFO:Initializing load_model()
2024-02-03 12:19:05,601:INFO:load_model(model_name=deployment_28042020, platform=None, authentication=None, verbose=True)
2024-02-03 12:21:20,371:WARNING:
'cuml' is a soft dependency and not included in the pycaret installation. Please run: `pip install cuml` to install.
2024-02-03 12:21:20,371:WARNING:
'cuml' is a soft dependency and not included in the pycaret installation. Please run: `pip install cuml` to install.
2024-02-03 12:21:20,371:WARNING:
'cuml' is a soft dependency and not included in the pycaret installation. Please run: `pip install cuml` to install.
2024-02-03 12:21:20,371:WARNING:
'cuml' is a soft dependency and not included in the pycaret installation. Please run: `pip install cuml` to install.
2024-02-03 12:21:20,678:INFO:Initializing load_model()
2024-02-03 12:21:20,678:INFO:load_model(model_name=deployment_28042020, platform=None, authentication=None, verbose=True)
2024-02-03 12:22:29,253:WARNING:
'cuml' is a soft dependency and not included in the pycaret installation. Please run: `pip install cuml` to install.
2024-02-03 12:22:29,254:WARNING:
'cuml' is a soft dependency and not included in the pycaret installation. Please run: `pip install cuml` to install.
2024-02-03 12:22:29,254:WARNING:
'cuml' is a soft dependency and not included in the pycaret installation. Please run: `pip install cuml` to install.
2024-02-03 12:22:29,254:WARNING:
'cuml' is a soft dependency and not included in the pycaret installation. Please run: `pip install cuml` to install.
2024-02-03 12:22:29,519:INFO:Initializing load_model()
2024-02-03 12:22:29,519:INFO:load_model(model_name=deployment_28042020, platform=None, authentication=None, verbose=True)
2024-02-03 12:24:48,283:WARNING:
'cuml' is a soft dependency and not included in the pycaret installation. Please run: `pip install cuml` to install.
2024-02-03 12:24:48,283:WARNING:
'cuml' is a soft dependency and not included in the pycaret installation. Please run: `pip install cuml` to install.
2024-02-03 12:24:48,283:WARNING:
'cuml' is a soft dependency and not included in the pycaret installation. Please run: `pip install cuml` to install.
2024-02-03 12:24:48,283:WARNING:
'cuml' is a soft dependency and not included in the pycaret installation. Please run: `pip install cuml` to install.
2024-02-03 12:24:48,665:INFO:Initializing load_model()
2024-02-03 12:24:48,666:INFO:load_model(model_name=deployment_28042020, platform=None, authentication=None, verbose=True)
2024-02-03 12:25:23,625:WARNING:
'cuml' is a soft dependency and not included in the pycaret installation. Please run: `pip install cuml` to install.
2024-02-03 12:25:23,626:WARNING:
'cuml' is a soft dependency and not included in the pycaret installation. Please run: `pip install cuml` to install.
2024-02-03 12:25:23,626:WARNING:
'cuml' is a soft dependency and not included in the pycaret installation. Please run: `pip install cuml` to install.
2024-02-03 12:25:23,626:WARNING:
'cuml' is a soft dependency and not included in the pycaret installation. Please run: `pip install cuml` to install.
2024-02-03 12:25:23,904:INFO:Initializing load_model()
2024-02-03 12:25:23,905:INFO:load_model(model_name=deployment_28042020, platform=None, authentication=None, verbose=True)
2024-02-03 12:25:47,025:WARNING:
'cuml' is a soft dependency and not included in the pycaret installation. Please run: `pip install cuml` to install.
2024-02-03 12:25:47,025:WARNING:
'cuml' is a soft dependency and not included in the pycaret installation. Please run: `pip install cuml` to install.
2024-02-03 12:25:47,025:WARNING:
'cuml' is a soft dependency and not included in the pycaret installation. Please run: `pip install cuml` to install.
2024-02-03 12:25:47,026:WARNING:
'cuml' is a soft dependency and not included in the pycaret installation. Please run: `pip install cuml` to install.
2024-02-03 12:25:47,311:INFO:Initializing load_model()
2024-02-03 12:25:47,311:INFO:load_model(model_name=deployment_28042020, platform=None, authentication=None, verbose=True)
2024-02-03 12:28:17,503:WARNING:
'cuml' is a soft dependency and not included in the pycaret installation. Please run: `pip install cuml` to install.
2024-02-03 12:28:17,504:WARNING:
'cuml' is a soft dependency and not included in the pycaret installation. Please run: `pip install cuml` to install.
2024-02-03 12:28:17,504:WARNING:
'cuml' is a soft dependency and not included in the pycaret installation. Please run: `pip install cuml` to install.
2024-02-03 12:28:17,504:WARNING:
'cuml' is a soft dependency and not included in the pycaret installation. Please run: `pip install cuml` to install.
2024-02-03 12:28:17,824:INFO:Initializing load_model()
2024-02-03 12:28:17,824:INFO:load_model(model_name=deployment_28042020, platform=None, authentication=None, verbose=True)
2024-02-03 12:43:49,954:WARNING:
'cuml' is a soft dependency and not included in the pycaret installation. Please run: `pip install cuml` to install.
2024-02-03 12:43:49,954:WARNING:
'cuml' is a soft dependency and not included in the pycaret installation. Please run: `pip install cuml` to install.
2024-02-03 12:43:49,954:WARNING:
'cuml' is a soft dependency and not included in the pycaret installation. Please run: `pip install cuml` to install.
2024-02-03 12:43:49,954:WARNING:
'cuml' is a soft dependency and not included in the pycaret installation. Please run: `pip install cuml` to install.
2024-02-03 12:43:50,276:INFO:Initializing load_model()
2024-02-03 12:43:50,277:INFO:load_model(model_name=deployment_28042020, platform=None, authentication=None, verbose=True)
2024-02-03 12:57:59,314:WARNING:
'cuml' is a soft dependency and not included in the pycaret installation. Please run: `pip install cuml` to install.
2024-02-03 12:57:59,315:WARNING:
'cuml' is a soft dependency and not included in the pycaret installation. Please run: `pip install cuml` to install.
2024-02-03 12:57:59,315:WARNING:
'cuml' is a soft dependency and not included in the pycaret installation. Please run: `pip install cuml` to install.
2024-02-03 12:57:59,315:WARNING:
'cuml' is a soft dependency and not included in the pycaret installation. Please run: `pip install cuml` to install.
2024-02-03 12:57:59,677:INFO:Initializing load_model()
2024-02-03 12:57:59,677:INFO:load_model(model_name=PowerBi_pycaret, platform=None, authentication=None, verbose=True)
2024-02-03 12:58:00,838:WARNING:C:\Users\dvid\anaconda3\envs\pycaretgcpenv\lib\site-packages\pycaret\internal\pipeline.py:145: UserWarning: Version mismatch:
current: {'deps_info': {'pip': '23.3.1', 'setuptools': '68.2.2', 'pycaret': '3.2.0', 'IPython': '8.18.1', 'ipywidgets': '8.1.1', 'tqdm': '4.66.1', 'numpy': '1.25.2', 'pandas': '1.5.3', 'jinja2': '3.1.3', 'scipy': '1.10.1', 'joblib': '1.3.2', 'sklearn': '1.2.2', 'pyod': '1.1.2', 'imblearn': '0.12.0', 'category_encoders': '2.6.3', 'lightgbm': '4.3.0', 'numba': '0.59.0', 'requests': '2.31.0', 'matplotlib': '3.6.0', 'scikitplot': '0.3.7', 'yellowbrick': '1.5', 'plotly': '5.18.0', 'plotly-resampler': 'Not installed', 'kaleido': '0.2.1', 'schemdraw': '0.15', 'statsmodels': '0.14.1', 'sktime': '0.21.1', 'tbats': '1.1.3', 'pmdarima': '2.0.4', 'psutil': '5.9.8', 'markupsafe': '2.0.1', 'pickle5': 'Not installed', 'cloudpickle': '3.0.0', 'deprecation': '2.1.0', 'xxhash': '3.4.1', 'wurlitzer': 'Not installed'}, 'python': {'version': '3.9.18', 'machine': 'AMD64'}}
pickle: {'deps_info': {'pip': '23.3.1', 'setuptools': '68.2.2', 'pycaret': '3.2.0', 'IPython': '8.12.3', 'ipywidgets': '8.1.1', 'tqdm': '4.66.1', 'numpy': '1.24.4', 'pandas': '1.5.3', 'jinja2': '3.1.3', 'scipy': '1.10.1', 'joblib': '1.3.2', 'sklearn': '1.2.2', 'pyod': '1.1.2', 'imblearn': '0.12.0', 'category_encoders': '2.6.3', 'lightgbm': '4.3.0', 'numba': '0.58.1', 'requests': '2.31.0', 'matplotlib': '3.6.0', 'scikitplot': '0.3.7', 'yellowbrick': '1.5', 'plotly': '5.18.0', 'plotly-resampler': 'Not installed', 'kaleido': '0.2.1', 'schemdraw': '0.15', 'statsmodels': '0.14.1', 'sktime': '0.21.1', 'tbats': '1.1.3', 'pmdarima': '2.0.4', 'psutil': '5.9.8', 'markupsafe': '2.1.4', 'pickle5': 'Not installed', 'cloudpickle': '3.0.0', 'deprecation': '2.1.0', 'xxhash': '3.4.1', 'wurlitzer': 'Not installed'}, 'python': {'version': '3.8.18', 'machine': 'AMD64'}}
  warnings.warn(

2024-02-03 12:59:26,074:WARNING:
'cuml' is a soft dependency and not included in the pycaret installation. Please run: `pip install cuml` to install.
2024-02-03 12:59:26,074:WARNING:
'cuml' is a soft dependency and not included in the pycaret installation. Please run: `pip install cuml` to install.
2024-02-03 12:59:26,074:WARNING:
'cuml' is a soft dependency and not included in the pycaret installation. Please run: `pip install cuml` to install.
2024-02-03 12:59:26,074:WARNING:
'cuml' is a soft dependency and not included in the pycaret installation. Please run: `pip install cuml` to install.
2024-02-03 12:59:26,354:INFO:Initializing load_model()
2024-02-03 12:59:26,354:INFO:load_model(model_name=PowerBi_pycaret, platform=None, authentication=None, verbose=True)
2024-02-03 12:59:26,412:WARNING:C:\Users\dvid\anaconda3\envs\pycaretgcpenv\lib\site-packages\pycaret\internal\pipeline.py:145: UserWarning: Version mismatch:
current: {'deps_info': {'pip': '23.3.1', 'setuptools': '68.2.2', 'pycaret': '3.2.0', 'IPython': '8.18.1', 'ipywidgets': '8.1.1', 'tqdm': '4.66.1', 'numpy': '1.25.2', 'pandas': '1.5.3', 'jinja2': '3.1.3', 'scipy': '1.10.1', 'joblib': '1.3.2', 'sklearn': '1.2.2', 'pyod': '1.1.2', 'imblearn': '0.12.0', 'category_encoders': '2.6.3', 'lightgbm': '4.3.0', 'numba': '0.59.0', 'requests': '2.31.0', 'matplotlib': '3.6.0', 'scikitplot': '0.3.7', 'yellowbrick': '1.5', 'plotly': '5.18.0', 'plotly-resampler': 'Not installed', 'kaleido': '0.2.1', 'schemdraw': '0.15', 'statsmodels': '0.14.1', 'sktime': '0.21.1', 'tbats': '1.1.3', 'pmdarima': '2.0.4', 'psutil': '5.9.8', 'markupsafe': '2.0.1', 'pickle5': 'Not installed', 'cloudpickle': '3.0.0', 'deprecation': '2.1.0', 'xxhash': '3.4.1', 'wurlitzer': 'Not installed'}, 'python': {'version': '3.9.18', 'machine': 'AMD64'}}
pickle: {'deps_info': {'pip': '23.3.1', 'setuptools': '68.2.2', 'pycaret': '3.2.0', 'IPython': '8.12.3', 'ipywidgets': '8.1.1', 'tqdm': '4.66.1', 'numpy': '1.24.4', 'pandas': '1.5.3', 'jinja2': '3.1.3', 'scipy': '1.10.1', 'joblib': '1.3.2', 'sklearn': '1.2.2', 'pyod': '1.1.2', 'imblearn': '0.12.0', 'category_encoders': '2.6.3', 'lightgbm': '4.3.0', 'numba': '0.58.1', 'requests': '2.31.0', 'matplotlib': '3.6.0', 'scikitplot': '0.3.7', 'yellowbrick': '1.5', 'plotly': '5.18.0', 'plotly-resampler': 'Not installed', 'kaleido': '0.2.1', 'schemdraw': '0.15', 'statsmodels': '0.14.1', 'sktime': '0.21.1', 'tbats': '1.1.3', 'pmdarima': '2.0.4', 'psutil': '5.9.8', 'markupsafe': '2.1.4', 'pickle5': 'Not installed', 'cloudpickle': '3.0.0', 'deprecation': '2.1.0', 'xxhash': '3.4.1', 'wurlitzer': 'Not installed'}, 'python': {'version': '3.8.18', 'machine': 'AMD64'}}
  warnings.warn(

2024-02-03 12:59:32,107:WARNING:
'cuml' is a soft dependency and not included in the pycaret installation. Please run: `pip install cuml` to install.
2024-02-03 12:59:32,108:WARNING:
'cuml' is a soft dependency and not included in the pycaret installation. Please run: `pip install cuml` to install.
2024-02-03 12:59:32,108:WARNING:
'cuml' is a soft dependency and not included in the pycaret installation. Please run: `pip install cuml` to install.
2024-02-03 12:59:32,108:WARNING:
'cuml' is a soft dependency and not included in the pycaret installation. Please run: `pip install cuml` to install.
2024-02-03 12:59:32,413:INFO:Initializing load_model()
2024-02-03 12:59:32,414:INFO:load_model(model_name=PowerBi_pycaret, platform=None, authentication=None, verbose=True)
2024-02-03 12:59:32,528:WARNING:C:\Users\dvid\anaconda3\envs\pycaretgcpenv\lib\site-packages\pycaret\internal\pipeline.py:145: UserWarning: Version mismatch:
current: {'deps_info': {'pip': '23.3.1', 'setuptools': '68.2.2', 'pycaret': '3.2.0', 'IPython': '8.18.1', 'ipywidgets': '8.1.1', 'tqdm': '4.66.1', 'numpy': '1.25.2', 'pandas': '1.5.3', 'jinja2': '3.1.3', 'scipy': '1.10.1', 'joblib': '1.3.2', 'sklearn': '1.2.2', 'pyod': '1.1.2', 'imblearn': '0.12.0', 'category_encoders': '2.6.3', 'lightgbm': '4.3.0', 'numba': '0.59.0', 'requests': '2.31.0', 'matplotlib': '3.6.0', 'scikitplot': '0.3.7', 'yellowbrick': '1.5', 'plotly': '5.18.0', 'plotly-resampler': 'Not installed', 'kaleido': '0.2.1', 'schemdraw': '0.15', 'statsmodels': '0.14.1', 'sktime': '0.21.1', 'tbats': '1.1.3', 'pmdarima': '2.0.4', 'psutil': '5.9.8', 'markupsafe': '2.0.1', 'pickle5': 'Not installed', 'cloudpickle': '3.0.0', 'deprecation': '2.1.0', 'xxhash': '3.4.1', 'wurlitzer': 'Not installed'}, 'python': {'version': '3.9.18', 'machine': 'AMD64'}}
pickle: {'deps_info': {'pip': '23.3.1', 'setuptools': '68.2.2', 'pycaret': '3.2.0', 'IPython': '8.12.3', 'ipywidgets': '8.1.1', 'tqdm': '4.66.1', 'numpy': '1.24.4', 'pandas': '1.5.3', 'jinja2': '3.1.3', 'scipy': '1.10.1', 'joblib': '1.3.2', 'sklearn': '1.2.2', 'pyod': '1.1.2', 'imblearn': '0.12.0', 'category_encoders': '2.6.3', 'lightgbm': '4.3.0', 'numba': '0.58.1', 'requests': '2.31.0', 'matplotlib': '3.6.0', 'scikitplot': '0.3.7', 'yellowbrick': '1.5', 'plotly': '5.18.0', 'plotly-resampler': 'Not installed', 'kaleido': '0.2.1', 'schemdraw': '0.15', 'statsmodels': '0.14.1', 'sktime': '0.21.1', 'tbats': '1.1.3', 'pmdarima': '2.0.4', 'psutil': '5.9.8', 'markupsafe': '2.1.4', 'pickle5': 'Not installed', 'cloudpickle': '3.0.0', 'deprecation': '2.1.0', 'xxhash': '3.4.1', 'wurlitzer': 'Not installed'}, 'python': {'version': '3.8.18', 'machine': 'AMD64'}}
  warnings.warn(

2024-02-03 13:00:34,925:WARNING:
'cuml' is a soft dependency and not included in the pycaret installation. Please run: `pip install cuml` to install.
2024-02-03 13:00:34,926:WARNING:
'cuml' is a soft dependency and not included in the pycaret installation. Please run: `pip install cuml` to install.
2024-02-03 13:00:34,926:WARNING:
'cuml' is a soft dependency and not included in the pycaret installation. Please run: `pip install cuml` to install.
2024-02-03 13:00:34,926:WARNING:
'cuml' is a soft dependency and not included in the pycaret installation. Please run: `pip install cuml` to install.
2024-02-03 13:00:35,179:INFO:Initializing load_model()
2024-02-03 13:00:35,179:INFO:load_model(model_name=PowerBi_pycaret, platform=None, authentication=None, verbose=True)
2024-02-03 13:00:35,232:WARNING:C:\Users\dvid\anaconda3\envs\pycaretgcpenv\lib\site-packages\pycaret\internal\pipeline.py:145: UserWarning: Version mismatch:
current: {'deps_info': {'pip': '23.3.1', 'setuptools': '68.2.2', 'pycaret': '3.2.0', 'IPython': '8.18.1', 'ipywidgets': '8.1.1', 'tqdm': '4.66.1', 'numpy': '1.25.2', 'pandas': '1.5.3', 'jinja2': '3.1.3', 'scipy': '1.10.1', 'joblib': '1.3.2', 'sklearn': '1.2.2', 'pyod': '1.1.2', 'imblearn': '0.12.0', 'category_encoders': '2.6.3', 'lightgbm': '4.3.0', 'numba': '0.59.0', 'requests': '2.31.0', 'matplotlib': '3.6.0', 'scikitplot': '0.3.7', 'yellowbrick': '1.5', 'plotly': '5.18.0', 'plotly-resampler': 'Not installed', 'kaleido': '0.2.1', 'schemdraw': '0.15', 'statsmodels': '0.14.1', 'sktime': '0.21.1', 'tbats': '1.1.3', 'pmdarima': '2.0.4', 'psutil': '5.9.8', 'markupsafe': '2.0.1', 'pickle5': 'Not installed', 'cloudpickle': '3.0.0', 'deprecation': '2.1.0', 'xxhash': '3.4.1', 'wurlitzer': 'Not installed'}, 'python': {'version': '3.9.18', 'machine': 'AMD64'}}
pickle: {'deps_info': {'pip': '23.3.1', 'setuptools': '68.2.2', 'pycaret': '3.2.0', 'IPython': '8.12.3', 'ipywidgets': '8.1.1', 'tqdm': '4.66.1', 'numpy': '1.24.4', 'pandas': '1.5.3', 'jinja2': '3.1.3', 'scipy': '1.10.1', 'joblib': '1.3.2', 'sklearn': '1.2.2', 'pyod': '1.1.2', 'imblearn': '0.12.0', 'category_encoders': '2.6.3', 'lightgbm': '4.3.0', 'numba': '0.58.1', 'requests': '2.31.0', 'matplotlib': '3.6.0', 'scikitplot': '0.3.7', 'yellowbrick': '1.5', 'plotly': '5.18.0', 'plotly-resampler': 'Not installed', 'kaleido': '0.2.1', 'schemdraw': '0.15', 'statsmodels': '0.14.1', 'sktime': '0.21.1', 'tbats': '1.1.3', 'pmdarima': '2.0.4', 'psutil': '5.9.8', 'markupsafe': '2.1.4', 'pickle5': 'Not installed', 'cloudpickle': '3.0.0', 'deprecation': '2.1.0', 'xxhash': '3.4.1', 'wurlitzer': 'Not installed'}, 'python': {'version': '3.8.18', 'machine': 'AMD64'}}
  warnings.warn(

2024-02-03 13:05:02,276:WARNING:
'cuml' is a soft dependency and not included in the pycaret installation. Please run: `pip install cuml` to install.
2024-02-03 13:05:02,276:WARNING:
'cuml' is a soft dependency and not included in the pycaret installation. Please run: `pip install cuml` to install.
2024-02-03 13:05:02,277:WARNING:
'cuml' is a soft dependency and not included in the pycaret installation. Please run: `pip install cuml` to install.
2024-02-03 13:05:02,277:WARNING:
'cuml' is a soft dependency and not included in the pycaret installation. Please run: `pip install cuml` to install.
2024-02-03 13:05:02,531:INFO:Initializing load_model()
2024-02-03 13:05:02,532:INFO:load_model(model_name=PowerBi_pycaret, platform=None, authentication=None, verbose=True)
2024-02-03 13:05:02,591:WARNING:C:\Users\dvid\anaconda3\envs\pycaretgcpenv\lib\site-packages\pycaret\internal\pipeline.py:145: UserWarning: Version mismatch:
current: {'deps_info': {'pip': '23.3.1', 'setuptools': '68.2.2', 'pycaret': '3.2.0', 'IPython': '8.18.1', 'ipywidgets': '8.1.1', 'tqdm': '4.66.1', 'numpy': '1.25.2', 'pandas': '1.5.3', 'jinja2': '3.1.3', 'scipy': '1.10.1', 'joblib': '1.3.2', 'sklearn': '1.2.2', 'pyod': '1.1.2', 'imblearn': '0.12.0', 'category_encoders': '2.6.3', 'lightgbm': '4.3.0', 'numba': '0.59.0', 'requests': '2.31.0', 'matplotlib': '3.6.0', 'scikitplot': '0.3.7', 'yellowbrick': '1.5', 'plotly': '5.18.0', 'plotly-resampler': 'Not installed', 'kaleido': '0.2.1', 'schemdraw': '0.15', 'statsmodels': '0.14.1', 'sktime': '0.21.1', 'tbats': '1.1.3', 'pmdarima': '2.0.4', 'psutil': '5.9.8', 'markupsafe': '2.0.1', 'pickle5': 'Not installed', 'cloudpickle': '3.0.0', 'deprecation': '2.1.0', 'xxhash': '3.4.1', 'wurlitzer': 'Not installed'}, 'python': {'version': '3.9.18', 'machine': 'AMD64'}}
pickle: {'deps_info': {'pip': '23.3.1', 'setuptools': '68.2.2', 'pycaret': '3.2.0', 'IPython': '8.12.3', 'ipywidgets': '8.1.1', 'tqdm': '4.66.1', 'numpy': '1.24.4', 'pandas': '1.5.3', 'jinja2': '3.1.3', 'scipy': '1.10.1', 'joblib': '1.3.2', 'sklearn': '1.2.2', 'pyod': '1.1.2', 'imblearn': '0.12.0', 'category_encoders': '2.6.3', 'lightgbm': '4.3.0', 'numba': '0.58.1', 'requests': '2.31.0', 'matplotlib': '3.6.0', 'scikitplot': '0.3.7', 'yellowbrick': '1.5', 'plotly': '5.18.0', 'plotly-resampler': 'Not installed', 'kaleido': '0.2.1', 'schemdraw': '0.15', 'statsmodels': '0.14.1', 'sktime': '0.21.1', 'tbats': '1.1.3', 'pmdarima': '2.0.4', 'psutil': '5.9.8', 'markupsafe': '2.1.4', 'pickle5': 'Not installed', 'cloudpickle': '3.0.0', 'deprecation': '2.1.0', 'xxhash': '3.4.1', 'wurlitzer': 'Not installed'}, 'python': {'version': '3.8.18', 'machine': 'AMD64'}}
  warnings.warn(

2024-02-03 13:05:07,713:WARNING:
'cuml' is a soft dependency and not included in the pycaret installation. Please run: `pip install cuml` to install.
2024-02-03 13:05:07,713:WARNING:
'cuml' is a soft dependency and not included in the pycaret installation. Please run: `pip install cuml` to install.
2024-02-03 13:05:07,713:WARNING:
'cuml' is a soft dependency and not included in the pycaret installation. Please run: `pip install cuml` to install.
2024-02-03 13:05:07,713:WARNING:
'cuml' is a soft dependency and not included in the pycaret installation. Please run: `pip install cuml` to install.
2024-02-03 13:05:07,963:INFO:Initializing load_model()
2024-02-03 13:05:07,963:INFO:load_model(model_name=PowerBi_pycaret, platform=None, authentication=None, verbose=True)
2024-02-03 13:05:08,022:WARNING:C:\Users\dvid\anaconda3\envs\pycaretgcpenv\lib\site-packages\pycaret\internal\pipeline.py:145: UserWarning: Version mismatch:
current: {'deps_info': {'pip': '23.3.1', 'setuptools': '68.2.2', 'pycaret': '3.2.0', 'IPython': '8.18.1', 'ipywidgets': '8.1.1', 'tqdm': '4.66.1', 'numpy': '1.25.2', 'pandas': '1.5.3', 'jinja2': '3.1.3', 'scipy': '1.10.1', 'joblib': '1.3.2', 'sklearn': '1.2.2', 'pyod': '1.1.2', 'imblearn': '0.12.0', 'category_encoders': '2.6.3', 'lightgbm': '4.3.0', 'numba': '0.59.0', 'requests': '2.31.0', 'matplotlib': '3.6.0', 'scikitplot': '0.3.7', 'yellowbrick': '1.5', 'plotly': '5.18.0', 'plotly-resampler': 'Not installed', 'kaleido': '0.2.1', 'schemdraw': '0.15', 'statsmodels': '0.14.1', 'sktime': '0.21.1', 'tbats': '1.1.3', 'pmdarima': '2.0.4', 'psutil': '5.9.8', 'markupsafe': '2.0.1', 'pickle5': 'Not installed', 'cloudpickle': '3.0.0', 'deprecation': '2.1.0', 'xxhash': '3.4.1', 'wurlitzer': 'Not installed'}, 'python': {'version': '3.9.18', 'machine': 'AMD64'}}
pickle: {'deps_info': {'pip': '23.3.1', 'setuptools': '68.2.2', 'pycaret': '3.2.0', 'IPython': '8.12.3', 'ipywidgets': '8.1.1', 'tqdm': '4.66.1', 'numpy': '1.24.4', 'pandas': '1.5.3', 'jinja2': '3.1.3', 'scipy': '1.10.1', 'joblib': '1.3.2', 'sklearn': '1.2.2', 'pyod': '1.1.2', 'imblearn': '0.12.0', 'category_encoders': '2.6.3', 'lightgbm': '4.3.0', 'numba': '0.58.1', 'requests': '2.31.0', 'matplotlib': '3.6.0', 'scikitplot': '0.3.7', 'yellowbrick': '1.5', 'plotly': '5.18.0', 'plotly-resampler': 'Not installed', 'kaleido': '0.2.1', 'schemdraw': '0.15', 'statsmodels': '0.14.1', 'sktime': '0.21.1', 'tbats': '1.1.3', 'pmdarima': '2.0.4', 'psutil': '5.9.8', 'markupsafe': '2.1.4', 'pickle5': 'Not installed', 'cloudpickle': '3.0.0', 'deprecation': '2.1.0', 'xxhash': '3.4.1', 'wurlitzer': 'Not installed'}, 'python': {'version': '3.8.18', 'machine': 'AMD64'}}
  warnings.warn(

2024-02-03 13:08:14,399:WARNING:
'cuml' is a soft dependency and not included in the pycaret installation. Please run: `pip install cuml` to install.
2024-02-03 13:08:14,399:WARNING:
'cuml' is a soft dependency and not included in the pycaret installation. Please run: `pip install cuml` to install.
2024-02-03 13:08:14,399:WARNING:
'cuml' is a soft dependency and not included in the pycaret installation. Please run: `pip install cuml` to install.
2024-02-03 13:08:14,399:WARNING:
'cuml' is a soft dependency and not included in the pycaret installation. Please run: `pip install cuml` to install.
2024-02-03 13:08:51,160:WARNING:
'cuml' is a soft dependency and not included in the pycaret installation. Please run: `pip install cuml` to install.
2024-02-03 13:08:51,161:WARNING:
'cuml' is a soft dependency and not included in the pycaret installation. Please run: `pip install cuml` to install.
2024-02-03 13:08:51,161:WARNING:
'cuml' is a soft dependency and not included in the pycaret installation. Please run: `pip install cuml` to install.
2024-02-03 13:08:51,161:WARNING:
'cuml' is a soft dependency and not included in the pycaret installation. Please run: `pip install cuml` to install.
2024-02-03 13:10:18,135:WARNING:
'cuml' is a soft dependency and not included in the pycaret installation. Please run: `pip install cuml` to install.
2024-02-03 13:10:18,135:WARNING:
'cuml' is a soft dependency and not included in the pycaret installation. Please run: `pip install cuml` to install.
2024-02-03 13:10:18,135:WARNING:
'cuml' is a soft dependency and not included in the pycaret installation. Please run: `pip install cuml` to install.
2024-02-03 13:10:18,135:WARNING:
'cuml' is a soft dependency and not included in the pycaret installation. Please run: `pip install cuml` to install.
2024-02-03 13:10:18,383:INFO:Initializing load_model()
2024-02-03 13:10:18,384:INFO:load_model(model_name=PowerBi_pycaret, platform=None, authentication=None, verbose=True)
2024-02-03 13:10:18,434:WARNING:C:\Users\dvid\anaconda3\envs\pycaretgcpenv\lib\site-packages\pycaret\internal\pipeline.py:145: UserWarning: Version mismatch:
current: {'deps_info': {'pip': '23.3.1', 'setuptools': '68.2.2', 'pycaret': '3.2.0', 'IPython': '8.18.1', 'ipywidgets': '8.1.1', 'tqdm': '4.66.1', 'numpy': '1.25.2', 'pandas': '1.5.3', 'jinja2': '3.1.3', 'scipy': '1.10.1', 'joblib': '1.3.2', 'sklearn': '1.2.2', 'pyod': '1.1.2', 'imblearn': '0.12.0', 'category_encoders': '2.6.3', 'lightgbm': '4.3.0', 'numba': '0.59.0', 'requests': '2.31.0', 'matplotlib': '3.6.0', 'scikitplot': '0.3.7', 'yellowbrick': '1.5', 'plotly': '5.18.0', 'plotly-resampler': 'Not installed', 'kaleido': '0.2.1', 'schemdraw': '0.15', 'statsmodels': '0.14.1', 'sktime': '0.21.1', 'tbats': '1.1.3', 'pmdarima': '2.0.4', 'psutil': '5.9.8', 'markupsafe': '2.0.1', 'pickle5': 'Not installed', 'cloudpickle': '3.0.0', 'deprecation': '2.1.0', 'xxhash': '3.4.1', 'wurlitzer': 'Not installed'}, 'python': {'version': '3.9.18', 'machine': 'AMD64'}}
pickle: {'deps_info': {'pip': '23.3.1', 'setuptools': '68.2.2', 'pycaret': '3.2.0', 'IPython': '8.12.3', 'ipywidgets': '8.1.1', 'tqdm': '4.66.1', 'numpy': '1.24.4', 'pandas': '1.5.3', 'jinja2': '3.1.3', 'scipy': '1.10.1', 'joblib': '1.3.2', 'sklearn': '1.2.2', 'pyod': '1.1.2', 'imblearn': '0.12.0', 'category_encoders': '2.6.3', 'lightgbm': '4.3.0', 'numba': '0.58.1', 'requests': '2.31.0', 'matplotlib': '3.6.0', 'scikitplot': '0.3.7', 'yellowbrick': '1.5', 'plotly': '5.18.0', 'plotly-resampler': 'Not installed', 'kaleido': '0.2.1', 'schemdraw': '0.15', 'statsmodels': '0.14.1', 'sktime': '0.21.1', 'tbats': '1.1.3', 'pmdarima': '2.0.4', 'psutil': '5.9.8', 'markupsafe': '2.1.4', 'pickle5': 'Not installed', 'cloudpickle': '3.0.0', 'deprecation': '2.1.0', 'xxhash': '3.4.1', 'wurlitzer': 'Not installed'}, 'python': {'version': '3.8.18', 'machine': 'AMD64'}}
  warnings.warn(

2024-02-03 13:10:23,704:WARNING:
'cuml' is a soft dependency and not included in the pycaret installation. Please run: `pip install cuml` to install.
2024-02-03 13:10:23,704:WARNING:
'cuml' is a soft dependency and not included in the pycaret installation. Please run: `pip install cuml` to install.
2024-02-03 13:10:23,704:WARNING:
'cuml' is a soft dependency and not included in the pycaret installation. Please run: `pip install cuml` to install.
2024-02-03 13:10:23,704:WARNING:
'cuml' is a soft dependency and not included in the pycaret installation. Please run: `pip install cuml` to install.
2024-02-03 13:10:24,007:INFO:Initializing load_model()
2024-02-03 13:10:24,007:INFO:load_model(model_name=PowerBi_pycaret, platform=None, authentication=None, verbose=True)
2024-02-03 13:10:24,060:WARNING:C:\Users\dvid\anaconda3\envs\pycaretgcpenv\lib\site-packages\pycaret\internal\pipeline.py:145: UserWarning: Version mismatch:
current: {'deps_info': {'pip': '23.3.1', 'setuptools': '68.2.2', 'pycaret': '3.2.0', 'IPython': '8.18.1', 'ipywidgets': '8.1.1', 'tqdm': '4.66.1', 'numpy': '1.25.2', 'pandas': '1.5.3', 'jinja2': '3.1.3', 'scipy': '1.10.1', 'joblib': '1.3.2', 'sklearn': '1.2.2', 'pyod': '1.1.2', 'imblearn': '0.12.0', 'category_encoders': '2.6.3', 'lightgbm': '4.3.0', 'numba': '0.59.0', 'requests': '2.31.0', 'matplotlib': '3.6.0', 'scikitplot': '0.3.7', 'yellowbrick': '1.5', 'plotly': '5.18.0', 'plotly-resampler': 'Not installed', 'kaleido': '0.2.1', 'schemdraw': '0.15', 'statsmodels': '0.14.1', 'sktime': '0.21.1', 'tbats': '1.1.3', 'pmdarima': '2.0.4', 'psutil': '5.9.8', 'markupsafe': '2.0.1', 'pickle5': 'Not installed', 'cloudpickle': '3.0.0', 'deprecation': '2.1.0', 'xxhash': '3.4.1', 'wurlitzer': 'Not installed'}, 'python': {'version': '3.9.18', 'machine': 'AMD64'}}
pickle: {'deps_info': {'pip': '23.3.1', 'setuptools': '68.2.2', 'pycaret': '3.2.0', 'IPython': '8.12.3', 'ipywidgets': '8.1.1', 'tqdm': '4.66.1', 'numpy': '1.24.4', 'pandas': '1.5.3', 'jinja2': '3.1.3', 'scipy': '1.10.1', 'joblib': '1.3.2', 'sklearn': '1.2.2', 'pyod': '1.1.2', 'imblearn': '0.12.0', 'category_encoders': '2.6.3', 'lightgbm': '4.3.0', 'numba': '0.58.1', 'requests': '2.31.0', 'matplotlib': '3.6.0', 'scikitplot': '0.3.7', 'yellowbrick': '1.5', 'plotly': '5.18.0', 'plotly-resampler': 'Not installed', 'kaleido': '0.2.1', 'schemdraw': '0.15', 'statsmodels': '0.14.1', 'sktime': '0.21.1', 'tbats': '1.1.3', 'pmdarima': '2.0.4', 'psutil': '5.9.8', 'markupsafe': '2.1.4', 'pickle5': 'Not installed', 'cloudpickle': '3.0.0', 'deprecation': '2.1.0', 'xxhash': '3.4.1', 'wurlitzer': 'Not installed'}, 'python': {'version': '3.8.18', 'machine': 'AMD64'}}
  warnings.warn(

2024-02-03 13:11:04,840:WARNING:
'cuml' is a soft dependency and not included in the pycaret installation. Please run: `pip install cuml` to install.
2024-02-03 13:11:04,840:WARNING:
'cuml' is a soft dependency and not included in the pycaret installation. Please run: `pip install cuml` to install.
2024-02-03 13:11:04,840:WARNING:
'cuml' is a soft dependency and not included in the pycaret installation. Please run: `pip install cuml` to install.
2024-02-03 13:11:04,840:WARNING:
'cuml' is a soft dependency and not included in the pycaret installation. Please run: `pip install cuml` to install.
2024-02-03 13:11:05,104:INFO:Initializing load_model()
2024-02-03 13:11:05,104:INFO:load_model(model_name=PowerBi_pycaret, platform=None, authentication=None, verbose=True)
2024-02-03 13:11:05,155:WARNING:C:\Users\dvid\anaconda3\envs\pycaretgcpenv\lib\site-packages\pycaret\internal\pipeline.py:145: UserWarning: Version mismatch:
current: {'deps_info': {'pip': '23.3.1', 'setuptools': '68.2.2', 'pycaret': '3.2.0', 'IPython': '8.18.1', 'ipywidgets': '8.1.1', 'tqdm': '4.66.1', 'numpy': '1.25.2', 'pandas': '1.5.3', 'jinja2': '3.1.3', 'scipy': '1.10.1', 'joblib': '1.3.2', 'sklearn': '1.2.2', 'pyod': '1.1.2', 'imblearn': '0.12.0', 'category_encoders': '2.6.3', 'lightgbm': '4.3.0', 'numba': '0.59.0', 'requests': '2.31.0', 'matplotlib': '3.6.0', 'scikitplot': '0.3.7', 'yellowbrick': '1.5', 'plotly': '5.18.0', 'plotly-resampler': 'Not installed', 'kaleido': '0.2.1', 'schemdraw': '0.15', 'statsmodels': '0.14.1', 'sktime': '0.21.1', 'tbats': '1.1.3', 'pmdarima': '2.0.4', 'psutil': '5.9.8', 'markupsafe': '2.0.1', 'pickle5': 'Not installed', 'cloudpickle': '3.0.0', 'deprecation': '2.1.0', 'xxhash': '3.4.1', 'wurlitzer': 'Not installed'}, 'python': {'version': '3.9.18', 'machine': 'AMD64'}}
pickle: {'deps_info': {'pip': '23.3.1', 'setuptools': '68.2.2', 'pycaret': '3.2.0', 'IPython': '8.12.3', 'ipywidgets': '8.1.1', 'tqdm': '4.66.1', 'numpy': '1.24.4', 'pandas': '1.5.3', 'jinja2': '3.1.3', 'scipy': '1.10.1', 'joblib': '1.3.2', 'sklearn': '1.2.2', 'pyod': '1.1.2', 'imblearn': '0.12.0', 'category_encoders': '2.6.3', 'lightgbm': '4.3.0', 'numba': '0.58.1', 'requests': '2.31.0', 'matplotlib': '3.6.0', 'scikitplot': '0.3.7', 'yellowbrick': '1.5', 'plotly': '5.18.0', 'plotly-resampler': 'Not installed', 'kaleido': '0.2.1', 'schemdraw': '0.15', 'statsmodels': '0.14.1', 'sktime': '0.21.1', 'tbats': '1.1.3', 'pmdarima': '2.0.4', 'psutil': '5.9.8', 'markupsafe': '2.1.4', 'pickle5': 'Not installed', 'cloudpickle': '3.0.0', 'deprecation': '2.1.0', 'xxhash': '3.4.1', 'wurlitzer': 'Not installed'}, 'python': {'version': '3.8.18', 'machine': 'AMD64'}}
  warnings.warn(

2024-02-03 13:12:04,668:WARNING:
'cuml' is a soft dependency and not included in the pycaret installation. Please run: `pip install cuml` to install.
2024-02-03 13:12:04,669:WARNING:
'cuml' is a soft dependency and not included in the pycaret installation. Please run: `pip install cuml` to install.
2024-02-03 13:12:04,669:WARNING:
'cuml' is a soft dependency and not included in the pycaret installation. Please run: `pip install cuml` to install.
2024-02-03 13:12:04,669:WARNING:
'cuml' is a soft dependency and not included in the pycaret installation. Please run: `pip install cuml` to install.
2024-02-03 13:12:04,962:INFO:Initializing load_model()
2024-02-03 13:12:04,963:INFO:load_model(model_name=PowerBi_pycaret, platform=None, authentication=None, verbose=True)
2024-02-03 13:12:05,017:WARNING:C:\Users\dvid\anaconda3\envs\pycaretgcpenv\lib\site-packages\pycaret\internal\pipeline.py:145: UserWarning: Version mismatch:
current: {'deps_info': {'pip': '23.3.1', 'setuptools': '68.2.2', 'pycaret': '3.2.0', 'IPython': '8.18.1', 'ipywidgets': '8.1.1', 'tqdm': '4.66.1', 'numpy': '1.25.2', 'pandas': '1.5.3', 'jinja2': '3.1.3', 'scipy': '1.10.1', 'joblib': '1.3.2', 'sklearn': '1.2.2', 'pyod': '1.1.2', 'imblearn': '0.12.0', 'category_encoders': '2.6.3', 'lightgbm': '4.3.0', 'numba': '0.59.0', 'requests': '2.31.0', 'matplotlib': '3.6.0', 'scikitplot': '0.3.7', 'yellowbrick': '1.5', 'plotly': '5.18.0', 'plotly-resampler': 'Not installed', 'kaleido': '0.2.1', 'schemdraw': '0.15', 'statsmodels': '0.14.1', 'sktime': '0.21.1', 'tbats': '1.1.3', 'pmdarima': '2.0.4', 'psutil': '5.9.8', 'markupsafe': '2.0.1', 'pickle5': 'Not installed', 'cloudpickle': '3.0.0', 'deprecation': '2.1.0', 'xxhash': '3.4.1', 'wurlitzer': 'Not installed'}, 'python': {'version': '3.9.18', 'machine': 'AMD64'}}
pickle: {'deps_info': {'pip': '23.3.1', 'setuptools': '68.2.2', 'pycaret': '3.2.0', 'IPython': '8.12.3', 'ipywidgets': '8.1.1', 'tqdm': '4.66.1', 'numpy': '1.24.4', 'pandas': '1.5.3', 'jinja2': '3.1.3', 'scipy': '1.10.1', 'joblib': '1.3.2', 'sklearn': '1.2.2', 'pyod': '1.1.2', 'imblearn': '0.12.0', 'category_encoders': '2.6.3', 'lightgbm': '4.3.0', 'numba': '0.58.1', 'requests': '2.31.0', 'matplotlib': '3.6.0', 'scikitplot': '0.3.7', 'yellowbrick': '1.5', 'plotly': '5.18.0', 'plotly-resampler': 'Not installed', 'kaleido': '0.2.1', 'schemdraw': '0.15', 'statsmodels': '0.14.1', 'sktime': '0.21.1', 'tbats': '1.1.3', 'pmdarima': '2.0.4', 'psutil': '5.9.8', 'markupsafe': '2.1.4', 'pickle5': 'Not installed', 'cloudpickle': '3.0.0', 'deprecation': '2.1.0', 'xxhash': '3.4.1', 'wurlitzer': 'Not installed'}, 'python': {'version': '3.8.18', 'machine': 'AMD64'}}
  warnings.warn(

2024-02-03 13:16:06,605:INFO:Initializing predict_model()
2024-02-03 13:16:06,605:INFO:predict_model(self=<pycaret.regression.oop.RegressionExperiment object at 0x00000191889D3430>, estimator=Pipeline(memory=Memory(location=None),
         steps=[('numerical_imputer',
                 TransformerWrapper(include=['age', 'bmi', 'children'],
                                    transformer=SimpleImputer())),
                ('categorical_imputer',
                 TransformerWrapper(include=['sex', 'smoker', 'region'],
                                    transformer=SimpleImputer(strategy='most_frequent'))),
                ('ordinal_encoding',
                 TransformerWrapper(include=['sex', 'smoker'],
                                    transfor...
                                                                         'data_type': dtype('O'),
                                                                         'mapping': female    0
male      1
NaN      -1
dtype: int64},
                                                                        {'col': 'smoker',
                                                                         'data_type': dtype('O'),
                                                                         'mapping': no     0
yes    1
NaN   -1
dtype: int64}]))),
                ('onehot_encoding',
                 TransformerWrapper(include=['region'],
                                    transformer=OneHotEncoder(cols=['region'],
                                                              handle_missing='return_nan',
                                                              use_cat_names=True))),
                ('trained_model',
                 GradientBoostingRegressor(random_state=7464))]), probability_threshold=None, encoded_labels=False, raw_score=False, round=0, verbose=True, ml_usecase=None, preprocess=True, encode_labels=<function _SupervisedExperiment.predict_model.<locals>.encode_labels at 0x00000191889BA1F0>)
2024-02-03 13:16:06,605:INFO:Checking exceptions
2024-02-03 13:16:06,605:INFO:Preloading libraries
2024-02-03 13:16:06,606:INFO:Set up data.
2024-02-03 13:16:06,620:INFO:Set up index.
2024-02-03 13:17:08,511:INFO:Initializing predict_model()
2024-02-03 13:17:08,511:INFO:predict_model(self=<pycaret.regression.oop.RegressionExperiment object at 0x00000191888A3B80>, estimator=Pipeline(memory=Memory(location=None),
         steps=[('numerical_imputer',
                 TransformerWrapper(include=['age', 'bmi', 'children'],
                                    transformer=SimpleImputer())),
                ('categorical_imputer',
                 TransformerWrapper(include=['sex', 'smoker', 'region'],
                                    transformer=SimpleImputer(strategy='most_frequent'))),
                ('ordinal_encoding',
                 TransformerWrapper(include=['sex', 'smoker'],
                                    transfor...
                                                                         'data_type': dtype('O'),
                                                                         'mapping': female    0
male      1
NaN      -1
dtype: int64},
                                                                        {'col': 'smoker',
                                                                         'data_type': dtype('O'),
                                                                         'mapping': no     0
yes    1
NaN   -1
dtype: int64}]))),
                ('onehot_encoding',
                 TransformerWrapper(include=['region'],
                                    transformer=OneHotEncoder(cols=['region'],
                                                              handle_missing='return_nan',
                                                              use_cat_names=True))),
                ('trained_model',
                 GradientBoostingRegressor(random_state=7464))]), probability_threshold=None, encoded_labels=False, raw_score=False, round=0, verbose=True, ml_usecase=None, preprocess=True, encode_labels=<function _SupervisedExperiment.predict_model.<locals>.encode_labels at 0x0000019188C80160>)
2024-02-03 13:17:08,512:INFO:Checking exceptions
2024-02-03 13:17:08,512:INFO:Preloading libraries
2024-02-03 13:17:08,512:INFO:Set up data.
2024-02-03 13:17:08,520:INFO:Set up index.
2024-02-03 13:18:55,140:WARNING:
'cuml' is a soft dependency and not included in the pycaret installation. Please run: `pip install cuml` to install.
2024-02-03 13:18:55,140:WARNING:
'cuml' is a soft dependency and not included in the pycaret installation. Please run: `pip install cuml` to install.
2024-02-03 13:18:55,140:WARNING:
'cuml' is a soft dependency and not included in the pycaret installation. Please run: `pip install cuml` to install.
2024-02-03 13:18:55,140:WARNING:
'cuml' is a soft dependency and not included in the pycaret installation. Please run: `pip install cuml` to install.
2024-02-03 13:18:55,397:INFO:Initializing load_model()
2024-02-03 13:18:55,398:INFO:load_model(model_name=PowerBi_pycaret, platform=None, authentication=None, verbose=True)
2024-02-03 13:18:55,449:WARNING:C:\Users\dvid\anaconda3\envs\pycaretgcpenv\lib\site-packages\pycaret\internal\pipeline.py:145: UserWarning: Version mismatch:
current: {'deps_info': {'pip': '23.3.1', 'setuptools': '68.2.2', 'pycaret': '3.2.0', 'IPython': '8.18.1', 'ipywidgets': '8.1.1', 'tqdm': '4.66.1', 'numpy': '1.25.2', 'pandas': '1.5.3', 'jinja2': '3.1.3', 'scipy': '1.10.1', 'joblib': '1.3.2', 'sklearn': '1.2.2', 'pyod': '1.1.2', 'imblearn': '0.12.0', 'category_encoders': '2.6.3', 'lightgbm': '4.3.0', 'numba': '0.59.0', 'requests': '2.31.0', 'matplotlib': '3.6.0', 'scikitplot': '0.3.7', 'yellowbrick': '1.5', 'plotly': '5.18.0', 'plotly-resampler': 'Not installed', 'kaleido': '0.2.1', 'schemdraw': '0.15', 'statsmodels': '0.14.1', 'sktime': '0.21.1', 'tbats': '1.1.3', 'pmdarima': '2.0.4', 'psutil': '5.9.8', 'markupsafe': '2.0.1', 'pickle5': 'Not installed', 'cloudpickle': '3.0.0', 'deprecation': '2.1.0', 'xxhash': '3.4.1', 'wurlitzer': 'Not installed'}, 'python': {'version': '3.9.18', 'machine': 'AMD64'}}
pickle: {'deps_info': {'pip': '23.3.1', 'setuptools': '68.2.2', 'pycaret': '3.2.0', 'IPython': '8.12.3', 'ipywidgets': '8.1.1', 'tqdm': '4.66.1', 'numpy': '1.24.4', 'pandas': '1.5.3', 'jinja2': '3.1.3', 'scipy': '1.10.1', 'joblib': '1.3.2', 'sklearn': '1.2.2', 'pyod': '1.1.2', 'imblearn': '0.12.0', 'category_encoders': '2.6.3', 'lightgbm': '4.3.0', 'numba': '0.58.1', 'requests': '2.31.0', 'matplotlib': '3.6.0', 'scikitplot': '0.3.7', 'yellowbrick': '1.5', 'plotly': '5.18.0', 'plotly-resampler': 'Not installed', 'kaleido': '0.2.1', 'schemdraw': '0.15', 'statsmodels': '0.14.1', 'sktime': '0.21.1', 'tbats': '1.1.3', 'pmdarima': '2.0.4', 'psutil': '5.9.8', 'markupsafe': '2.1.4', 'pickle5': 'Not installed', 'cloudpickle': '3.0.0', 'deprecation': '2.1.0', 'xxhash': '3.4.1', 'wurlitzer': 'Not installed'}, 'python': {'version': '3.8.18', 'machine': 'AMD64'}}
  warnings.warn(

2024-02-03 13:19:03,036:INFO:Initializing predict_model()
2024-02-03 13:19:03,037:INFO:predict_model(self=<pycaret.regression.oop.RegressionExperiment object at 0x000002E0F4A6AEE0>, estimator=Pipeline(memory=Memory(location=None),
         steps=[('numerical_imputer',
                 TransformerWrapper(include=['age', 'bmi', 'children'],
                                    transformer=SimpleImputer())),
                ('categorical_imputer',
                 TransformerWrapper(include=['sex', 'smoker', 'region'],
                                    transformer=SimpleImputer(strategy='most_frequent'))),
                ('ordinal_encoding',
                 TransformerWrapper(include=['sex', 'smoker'],
                                    transfor...
                                                                         'data_type': dtype('O'),
                                                                         'mapping': female    0
male      1
NaN      -1
dtype: int64},
                                                                        {'col': 'smoker',
                                                                         'data_type': dtype('O'),
                                                                         'mapping': no     0
yes    1
NaN   -1
dtype: int64}]))),
                ('onehot_encoding',
                 TransformerWrapper(include=['region'],
                                    transformer=OneHotEncoder(cols=['region'],
                                                              handle_missing='return_nan',
                                                              use_cat_names=True))),
                ('trained_model',
                 GradientBoostingRegressor(random_state=7464))]), probability_threshold=None, encoded_labels=False, raw_score=False, round=0, verbose=True, ml_usecase=None, preprocess=True, encode_labels=<function _SupervisedExperiment.predict_model.<locals>.encode_labels at 0x000002E0F4A79550>)
2024-02-03 13:19:03,037:INFO:Checking exceptions
2024-02-03 13:19:03,037:INFO:Preloading libraries
2024-02-03 13:19:03,038:INFO:Set up data.
2024-02-03 13:19:03,048:INFO:Set up index.
2024-02-03 13:20:46,987:WARNING:
'cuml' is a soft dependency and not included in the pycaret installation. Please run: `pip install cuml` to install.
2024-02-03 13:20:46,987:WARNING:
'cuml' is a soft dependency and not included in the pycaret installation. Please run: `pip install cuml` to install.
2024-02-03 13:20:46,987:WARNING:
'cuml' is a soft dependency and not included in the pycaret installation. Please run: `pip install cuml` to install.
2024-02-03 13:20:46,987:WARNING:
'cuml' is a soft dependency and not included in the pycaret installation. Please run: `pip install cuml` to install.
2024-02-03 13:20:47,277:INFO:Initializing load_model()
2024-02-03 13:20:47,277:INFO:load_model(model_name=PowerBi_pycaret, platform=None, authentication=None, verbose=True)
2024-02-03 13:20:47,341:WARNING:C:\Users\dvid\anaconda3\envs\pycaretgcpenv\lib\site-packages\pycaret\internal\pipeline.py:145: UserWarning: Version mismatch:
current: {'deps_info': {'pip': '23.3.1', 'setuptools': '68.2.2', 'pycaret': '3.2.0', 'IPython': '8.18.1', 'ipywidgets': '8.1.1', 'tqdm': '4.66.1', 'numpy': '1.25.2', 'pandas': '1.5.3', 'jinja2': '3.1.3', 'scipy': '1.10.1', 'joblib': '1.3.2', 'sklearn': '1.2.2', 'pyod': '1.1.2', 'imblearn': '0.12.0', 'category_encoders': '2.6.3', 'lightgbm': '4.3.0', 'numba': '0.59.0', 'requests': '2.31.0', 'matplotlib': '3.6.0', 'scikitplot': '0.3.7', 'yellowbrick': '1.5', 'plotly': '5.18.0', 'plotly-resampler': 'Not installed', 'kaleido': '0.2.1', 'schemdraw': '0.15', 'statsmodels': '0.14.1', 'sktime': '0.21.1', 'tbats': '1.1.3', 'pmdarima': '2.0.4', 'psutil': '5.9.8', 'markupsafe': '2.0.1', 'pickle5': 'Not installed', 'cloudpickle': '3.0.0', 'deprecation': '2.1.0', 'xxhash': '3.4.1', 'wurlitzer': 'Not installed'}, 'python': {'version': '3.9.18', 'machine': 'AMD64'}}
pickle: {'deps_info': {'pip': '23.3.1', 'setuptools': '68.2.2', 'pycaret': '3.2.0', 'IPython': '8.12.3', 'ipywidgets': '8.1.1', 'tqdm': '4.66.1', 'numpy': '1.24.4', 'pandas': '1.5.3', 'jinja2': '3.1.3', 'scipy': '1.10.1', 'joblib': '1.3.2', 'sklearn': '1.2.2', 'pyod': '1.1.2', 'imblearn': '0.12.0', 'category_encoders': '2.6.3', 'lightgbm': '4.3.0', 'numba': '0.58.1', 'requests': '2.31.0', 'matplotlib': '3.6.0', 'scikitplot': '0.3.7', 'yellowbrick': '1.5', 'plotly': '5.18.0', 'plotly-resampler': 'Not installed', 'kaleido': '0.2.1', 'schemdraw': '0.15', 'statsmodels': '0.14.1', 'sktime': '0.21.1', 'tbats': '1.1.3', 'pmdarima': '2.0.4', 'psutil': '5.9.8', 'markupsafe': '2.1.4', 'pickle5': 'Not installed', 'cloudpickle': '3.0.0', 'deprecation': '2.1.0', 'xxhash': '3.4.1', 'wurlitzer': 'Not installed'}, 'python': {'version': '3.8.18', 'machine': 'AMD64'}}
  warnings.warn(

2024-02-03 13:20:52,802:INFO:Initializing predict_model()
2024-02-03 13:20:52,803:INFO:predict_model(self=<pycaret.regression.oop.RegressionExperiment object at 0x000001DF9868CDC0>, estimator=Pipeline(memory=Memory(location=None),
         steps=[('numerical_imputer',
                 TransformerWrapper(include=['age', 'bmi', 'children'],
                                    transformer=SimpleImputer())),
                ('categorical_imputer',
                 TransformerWrapper(include=['sex', 'smoker', 'region'],
                                    transformer=SimpleImputer(strategy='most_frequent'))),
                ('ordinal_encoding',
                 TransformerWrapper(include=['sex', 'smoker'],
                                    transfor...
                                                                         'data_type': dtype('O'),
                                                                         'mapping': female    0
male      1
NaN      -1
dtype: int64},
                                                                        {'col': 'smoker',
                                                                         'data_type': dtype('O'),
                                                                         'mapping': no     0
yes    1
NaN   -1
dtype: int64}]))),
                ('onehot_encoding',
                 TransformerWrapper(include=['region'],
                                    transformer=OneHotEncoder(cols=['region'],
                                                              handle_missing='return_nan',
                                                              use_cat_names=True))),
                ('trained_model',
                 GradientBoostingRegressor(random_state=7464))]), probability_threshold=None, encoded_labels=False, raw_score=False, round=2, verbose=True, ml_usecase=None, preprocess=True, encode_labels=<function _SupervisedExperiment.predict_model.<locals>.encode_labels at 0x000001DF9869A430>)
2024-02-03 13:20:52,803:INFO:Checking exceptions
2024-02-03 13:20:52,803:INFO:Preloading libraries
2024-02-03 13:20:52,803:INFO:Set up data.
2024-02-03 13:20:52,816:INFO:Set up index.
2024-02-03 13:21:00,195:INFO:Initializing predict_model()
2024-02-03 13:21:00,195:INFO:predict_model(self=<pycaret.regression.oop.RegressionExperiment object at 0x000001DF986E2D00>, estimator=Pipeline(memory=Memory(location=None),
         steps=[('numerical_imputer',
                 TransformerWrapper(include=['age', 'bmi', 'children'],
                                    transformer=SimpleImputer())),
                ('categorical_imputer',
                 TransformerWrapper(include=['sex', 'smoker', 'region'],
                                    transformer=SimpleImputer(strategy='most_frequent'))),
                ('ordinal_encoding',
                 TransformerWrapper(include=['sex', 'smoker'],
                                    transfor...
                                                                         'data_type': dtype('O'),
                                                                         'mapping': female    0
male      1
NaN      -1
dtype: int64},
                                                                        {'col': 'smoker',
                                                                         'data_type': dtype('O'),
                                                                         'mapping': no     0
yes    1
NaN   -1
dtype: int64}]))),
                ('onehot_encoding',
                 TransformerWrapper(include=['region'],
                                    transformer=OneHotEncoder(cols=['region'],
                                                              handle_missing='return_nan',
                                                              use_cat_names=True))),
                ('trained_model',
                 GradientBoostingRegressor(random_state=7464))]), probability_threshold=None, encoded_labels=False, raw_score=False, round=2, verbose=True, ml_usecase=None, preprocess=True, encode_labels=<function _SupervisedExperiment.predict_model.<locals>.encode_labels at 0x000001DF9873A040>)
2024-02-03 13:21:00,196:INFO:Checking exceptions
2024-02-03 13:21:00,196:INFO:Preloading libraries
2024-02-03 13:21:00,197:INFO:Set up data.
2024-02-03 13:21:00,208:INFO:Set up index.
2024-02-03 13:21:18,623:WARNING:
'cuml' is a soft dependency and not included in the pycaret installation. Please run: `pip install cuml` to install.
2024-02-03 13:21:18,623:WARNING:
'cuml' is a soft dependency and not included in the pycaret installation. Please run: `pip install cuml` to install.
2024-02-03 13:21:18,623:WARNING:
'cuml' is a soft dependency and not included in the pycaret installation. Please run: `pip install cuml` to install.
2024-02-03 13:21:18,623:WARNING:
'cuml' is a soft dependency and not included in the pycaret installation. Please run: `pip install cuml` to install.
2024-02-03 13:21:18,941:INFO:Initializing load_model()
2024-02-03 13:21:18,941:INFO:load_model(model_name=PowerBi_pycaret, platform=None, authentication=None, verbose=True)
2024-02-03 13:21:18,999:WARNING:C:\Users\dvid\anaconda3\envs\pycaretgcpenv\lib\site-packages\pycaret\internal\pipeline.py:145: UserWarning: Version mismatch:
current: {'deps_info': {'pip': '23.3.1', 'setuptools': '68.2.2', 'pycaret': '3.2.0', 'IPython': '8.18.1', 'ipywidgets': '8.1.1', 'tqdm': '4.66.1', 'numpy': '1.25.2', 'pandas': '1.5.3', 'jinja2': '3.1.3', 'scipy': '1.10.1', 'joblib': '1.3.2', 'sklearn': '1.2.2', 'pyod': '1.1.2', 'imblearn': '0.12.0', 'category_encoders': '2.6.3', 'lightgbm': '4.3.0', 'numba': '0.59.0', 'requests': '2.31.0', 'matplotlib': '3.6.0', 'scikitplot': '0.3.7', 'yellowbrick': '1.5', 'plotly': '5.18.0', 'plotly-resampler': 'Not installed', 'kaleido': '0.2.1', 'schemdraw': '0.15', 'statsmodels': '0.14.1', 'sktime': '0.21.1', 'tbats': '1.1.3', 'pmdarima': '2.0.4', 'psutil': '5.9.8', 'markupsafe': '2.0.1', 'pickle5': 'Not installed', 'cloudpickle': '3.0.0', 'deprecation': '2.1.0', 'xxhash': '3.4.1', 'wurlitzer': 'Not installed'}, 'python': {'version': '3.9.18', 'machine': 'AMD64'}}
pickle: {'deps_info': {'pip': '23.3.1', 'setuptools': '68.2.2', 'pycaret': '3.2.0', 'IPython': '8.12.3', 'ipywidgets': '8.1.1', 'tqdm': '4.66.1', 'numpy': '1.24.4', 'pandas': '1.5.3', 'jinja2': '3.1.3', 'scipy': '1.10.1', 'joblib': '1.3.2', 'sklearn': '1.2.2', 'pyod': '1.1.2', 'imblearn': '0.12.0', 'category_encoders': '2.6.3', 'lightgbm': '4.3.0', 'numba': '0.58.1', 'requests': '2.31.0', 'matplotlib': '3.6.0', 'scikitplot': '0.3.7', 'yellowbrick': '1.5', 'plotly': '5.18.0', 'plotly-resampler': 'Not installed', 'kaleido': '0.2.1', 'schemdraw': '0.15', 'statsmodels': '0.14.1', 'sktime': '0.21.1', 'tbats': '1.1.3', 'pmdarima': '2.0.4', 'psutil': '5.9.8', 'markupsafe': '2.1.4', 'pickle5': 'Not installed', 'cloudpickle': '3.0.0', 'deprecation': '2.1.0', 'xxhash': '3.4.1', 'wurlitzer': 'Not installed'}, 'python': {'version': '3.8.18', 'machine': 'AMD64'}}
  warnings.warn(

2024-02-03 13:22:22,709:WARNING:
'cuml' is a soft dependency and not included in the pycaret installation. Please run: `pip install cuml` to install.
2024-02-03 13:22:22,709:WARNING:
'cuml' is a soft dependency and not included in the pycaret installation. Please run: `pip install cuml` to install.
2024-02-03 13:22:22,709:WARNING:
'cuml' is a soft dependency and not included in the pycaret installation. Please run: `pip install cuml` to install.
2024-02-03 13:22:22,710:WARNING:
'cuml' is a soft dependency and not included in the pycaret installation. Please run: `pip install cuml` to install.
2024-02-03 13:22:23,491:INFO:Initializing load_model()
2024-02-03 13:22:23,492:INFO:load_model(model_name=PowerBi_pycaret, platform=None, authentication=None, verbose=True)
2024-02-03 13:22:23,663:WARNING:C:\Users\dvid\anaconda3\envs\pycaretgcpenv\lib\site-packages\pycaret\internal\pipeline.py:145: UserWarning: Version mismatch:
current: {'deps_info': {'pip': '23.3.1', 'setuptools': '68.2.2', 'pycaret': '3.2.0', 'IPython': '8.18.1', 'ipywidgets': '8.1.1', 'tqdm': '4.66.1', 'numpy': '1.25.2', 'pandas': '1.5.3', 'jinja2': '3.1.3', 'scipy': '1.10.1', 'joblib': '1.3.2', 'sklearn': '1.2.2', 'pyod': '1.1.2', 'imblearn': '0.12.0', 'category_encoders': '2.6.3', 'lightgbm': '4.3.0', 'numba': '0.59.0', 'requests': '2.31.0', 'matplotlib': '3.6.0', 'scikitplot': '0.3.7', 'yellowbrick': '1.5', 'plotly': '5.18.0', 'plotly-resampler': 'Not installed', 'kaleido': '0.2.1', 'schemdraw': '0.15', 'statsmodels': '0.14.1', 'sktime': '0.21.1', 'tbats': '1.1.3', 'pmdarima': '2.0.4', 'psutil': '5.9.8', 'markupsafe': '2.0.1', 'pickle5': 'Not installed', 'cloudpickle': '3.0.0', 'deprecation': '2.1.0', 'xxhash': '3.4.1', 'wurlitzer': 'Not installed'}, 'python': {'version': '3.9.18', 'machine': 'AMD64'}}
pickle: {'deps_info': {'pip': '23.3.1', 'setuptools': '68.2.2', 'pycaret': '3.2.0', 'IPython': '8.12.3', 'ipywidgets': '8.1.1', 'tqdm': '4.66.1', 'numpy': '1.24.4', 'pandas': '1.5.3', 'jinja2': '3.1.3', 'scipy': '1.10.1', 'joblib': '1.3.2', 'sklearn': '1.2.2', 'pyod': '1.1.2', 'imblearn': '0.12.0', 'category_encoders': '2.6.3', 'lightgbm': '4.3.0', 'numba': '0.58.1', 'requests': '2.31.0', 'matplotlib': '3.6.0', 'scikitplot': '0.3.7', 'yellowbrick': '1.5', 'plotly': '5.18.0', 'plotly-resampler': 'Not installed', 'kaleido': '0.2.1', 'schemdraw': '0.15', 'statsmodels': '0.14.1', 'sktime': '0.21.1', 'tbats': '1.1.3', 'pmdarima': '2.0.4', 'psutil': '5.9.8', 'markupsafe': '2.1.4', 'pickle5': 'Not installed', 'cloudpickle': '3.0.0', 'deprecation': '2.1.0', 'xxhash': '3.4.1', 'wurlitzer': 'Not installed'}, 'python': {'version': '3.8.18', 'machine': 'AMD64'}}
  warnings.warn(

2024-02-03 13:25:08,156:INFO:Initializing predict_model()
2024-02-03 13:25:08,157:INFO:predict_model(self=<pycaret.regression.oop.RegressionExperiment object at 0x000001FF4770CEB0>, estimator=Pipeline(memory=Memory(location=None),
         steps=[('numerical_imputer',
                 TransformerWrapper(include=['age', 'bmi', 'children'],
                                    transformer=SimpleImputer())),
                ('categorical_imputer',
                 TransformerWrapper(include=['sex', 'smoker', 'region'],
                                    transformer=SimpleImputer(strategy='most_frequent'))),
                ('ordinal_encoding',
                 TransformerWrapper(include=['sex', 'smoker'],
                                    transfor...
                                                                         'data_type': dtype('O'),
                                                                         'mapping': female    0
male      1
NaN      -1
dtype: int64},
                                                                        {'col': 'smoker',
                                                                         'data_type': dtype('O'),
                                                                         'mapping': no     0
yes    1
NaN   -1
dtype: int64}]))),
                ('onehot_encoding',
                 TransformerWrapper(include=['region'],
                                    transformer=OneHotEncoder(cols=['region'],
                                                              handle_missing='return_nan',
                                                              use_cat_names=True))),
                ('trained_model',
                 GradientBoostingRegressor(random_state=7464))]), probability_threshold=None, encoded_labels=False, raw_score=False, round=0, verbose=True, ml_usecase=None, preprocess=True, encode_labels=<function _SupervisedExperiment.predict_model.<locals>.encode_labels at 0x000001FF476E93A0>)
2024-02-03 13:25:08,157:INFO:Checking exceptions
2024-02-03 13:25:08,157:INFO:Preloading libraries
2024-02-03 13:25:08,158:INFO:Set up data.
2024-02-03 13:25:08,173:INFO:Set up index.
